<?xml version="1.0" encoding="UTF-8"?>
<!-- Generated by org.testng.reporters.JUnitXMLReporter -->
<testsuite ignored="7" hostname="DESKTOP-KRO9T2E" failures="2" tests="2" name="Test" time="202.946" errors="0" timestamp="2021-12-07T09:43:33 IST">
  <testcase classname="com.login.TC003_CreateContactTest" name="CreatContactOnly" time="68.142">
    <failure type="java.lang.AssertionError" message="expected [chakri3] but found [Orn791]">
      <![CDATA[java.lang.AssertionError: expected [chakri3] but found [Orn791]
at com.login.TC003_CreateContactTest.CreatContactOnly(TC003_CreateContactTest.java:56)
at java.base/java.util.ArrayList.forEach(ArrayList.java:1541)
... Removed 33 stack frames]]>
    </failure>
  </testcase> <!-- CreatContactOnly -->
  <testcase classname="com.login.TC001_CreateOrganizationTest" name="OrgNameWithNumber" time="27.434">
    <failure type="java.lang.AssertionError" message="expected [Cassie763] but found [Arnold772]">
      <![CDATA[java.lang.AssertionError: expected [Cassie763] but found [Arnold772]
at com.login.TC001_CreateOrganizationTest.OrgNameWithNumber(TC001_CreateOrganizationTest.java:63)
at java.base/java.util.ArrayList.forEach(ArrayList.java:1541)
... Removed 33 stack frames]]>
    </failure>
  </testcase> <!-- OrgNameWithNumber -->
  <testcase classname="com.Vitiger.POMclasses.BaseClass" name="@BeforeSuite setUp" time="0.0">
    <ignored/>
  </testcase> <!-- @BeforeSuite setUp -->
  <testcase classname="com.Vitiger.POMclasses.BaseClass" name="@BeforeSuite setUp" time="0.0">
    <ignored/>
  </testcase> <!-- @BeforeSuite setUp -->
  <testcase classname="com.login.TC001_CreateOrganizationTest" name="CreatOrganization" time="0.0">
    <ignored/>
  </testcase> <!-- CreatOrganization -->
  <testcase classname="com.login.TC003_CreateContactTest" name="CreatContact" time="0.0">
    <ignored/>
  </testcase> <!-- CreatContact -->
  <testcase classname="com.login.TC002_CreateOrganizationddTest" name="CreatOrgDropdownTest" time="0.0">
    <ignored/>
  </testcase> <!-- CreatOrgDropdownTest -->
  <testcase classname="com.Vitiger.POMclasses.BaseClass" name="@AfterSuite disconnectfromDB" time="0.0">
    <ignored/>
  </testcase> <!-- @AfterSuite disconnectfromDB -->
  <testcase classname="com.Vitiger.POMclasses.BaseClass" name="@AfterSuite disconnectfromDB" time="0.0">
    <ignored/>
  </testcase> <!-- @AfterSuite disconnectfromDB -->
</testsuite> <!-- Test -->
